E:\VS2012 CODE\优化的画线\优化的画线\DEBUG\优化的画线.PCH
E:\VS2012 CODE\优化的画线\优化的画线\DEBUG\STDAFX.OBJ
E:\VS2012 CODE\优化的画线\优化的画线\DEBUG\VC110.PDB
E:\VS2012 CODE\优化的画线\优化的画线\DEBUG\优化的画线.OBJ
E:\VS2012 CODE\优化的画线\优化的画线\DEBUG\优化的画线DLG.OBJ
E:\VS2012 CODE\优化的画线\DEBUG\优化的画线.ILK
E:\VS2012 CODE\优化的画线\DEBUG\优化的画线.EXE
E:\VS2012 CODE\优化的画线\DEBUG\优化的画线.PDB
E:\VS2012 CODE\优化的画线\优化的画线\DEBUG\优化的画线.RES
E:\vs2012 code\优化的画线\优化的画线\Debug\stdafx.obj
E:\vs2012 code\优化的画线\优化的画线\Debug\优化的画线.obj
E:\vs2012 code\优化的画线\优化的画线\Debug\优化的画线Dlg.obj
E:\vs2012 code\优化的画线\优化的画线\Debug\cl.command.1.tlog
E:\vs2012 code\优化的画线\优化的画线\Debug\CL.read.1.tlog
E:\vs2012 code\优化的画线\优化的画线\Debug\CL.write.1.tlog
E:\vs2012 code\优化的画线\优化的画线\Debug\link-cvtres.read.1.tlog
E:\vs2012 code\优化的画线\优化的画线\Debug\link-cvtres.write.1.tlog
E:\vs2012 code\优化的画线\优化的画线\Debug\link-mt.read.1.tlog
E:\vs2012 code\优化的画线\优化的画线\Debug\link-mt.write.1.tlog
E:\vs2012 code\优化的画线\优化的画线\Debug\link-rc.read.1.tlog
E:\vs2012 code\优化的画线\优化的画线\Debug\link-rc.write.1.tlog
E:\vs2012 code\优化的画线\优化的画线\Debug\link.command.1.tlog
E:\vs2012 code\优化的画线\优化的画线\Debug\link.read.1.tlog
E:\vs2012 code\优化的画线\优化的画线\Debug\link.write.1.tlog
E:\vs2012 code\优化的画线\优化的画线\Debug\rc.command.1.tlog
E:\vs2012 code\优化的画线\优化的画线\Debug\rc.read.1.tlog
E:\vs2012 code\优化的画线\优化的画线\Debug\rc.write.1.tlog
E:\vs2012 code\优化的画线\优化的画线\Debug\优化的画线.res
E:\vs2012 code\优化的画线\优化的画线\Debug\优化的画线.pch
E:\vs2012 code\优化的画线\优化的画线\Debug\vc110.idb
E:\vs2012 code\优化的画线\优化的画线\Debug\vc110.pdb
E:\vs2012 code\优化的画线\Debug\优化的画线.pdb
E:\vs2012 code\优化的画线\Debug\优化的画线.exe
E:\vs2012 code\优化的画线\Debug\优化的画线.ilk
